0 info it worked if it ends with ok
1 verbose cli [ 'node', '/usr/local/bin/npm', 'link', 'gulp' ]
2 info using npm@2.13.4
3 info using node@v0.12.7
4 verbose unbuild node_modules/gulp
5 info preuninstall gulp@3.9.0
6 info uninstall gulp@3.9.0
7 verbose unbuild rmStuff gulp@3.9.0 from /Users/mattshea/mshea/node_modules
8 silly gentlyRm /Users/mattshea/mshea/node_modules/.bin/gulp is being gently removed
9 silly gentlyRm verifying /Users/mattshea/mshea is an npm working directory
10 silly gentlyRm containing path /Users/mattshea/mshea is under npm's control, in /Users/mattshea/mshea
11 silly gentlyRm deletion target /Users/mattshea/mshea/node_modules/.bin/gulp is under /Users/mattshea/mshea
12 verbose gentlyRm vacuuming from /Users/mattshea/mshea/node_modules/.bin/gulp up to /Users/mattshea/mshea
13 silly vacuum-fs removing /Users/mattshea/mshea/node_modules/.bin/gulp
14 verbose stack Error: EACCES, unlink '/Users/mattshea/mshea/node_modules/.bin/gulp'
14 verbose stack     at Error (native)
15 verbose cwd /Users/mattshea/mshea
16 error Darwin 14.5.0
17 error argv "node" "/usr/local/bin/npm" "link" "gulp"
18 error node v0.12.7
19 error npm  v2.13.4
20 error path /Users/mattshea/mshea/node_modules/.bin/gulp
21 error code EACCES
22 error errno -13
23 error Error: EACCES, unlink '/Users/mattshea/mshea/node_modules/.bin/gulp'
23 error     at Error (native)
23 error  { [Error: EACCES, unlink '/Users/mattshea/mshea/node_modules/.bin/gulp']
23 error   errno: -13,
23 error   code: 'EACCES',
23 error   path: '/Users/mattshea/mshea/node_modules/.bin/gulp' }
24 error Please try running this command again as root/Administrator.
25 verbose exit [ -13, true ]
